<?xml version="1.0" encoding="UTF-8"?>
<!-- Generated by org.testng.reporters.JUnitReportReporter -->
<testsuite hostname="hamza" failures="0" tests="8" name="booking.myTest" time="12.513" errors="0" timestamp="2024-06-13T01:58:56 EET" skipped="1">
  <testcase classname="booking.myTest" name="checkTheNextStayIsDisplayed" time="0.696"/>
  <system-out/>
  <testcase classname="booking.myTest" name="selectAcity" time="0.364"/>
  <system-out/>
  <testcase classname="booking.myTest" name="CheckInAndOutDate" time="1.000"/>
  <system-out/>
  <testcase classname="booking.myTest" name="numberOfRooms" time="0.508"/>
  <system-out/>
  <testcase classname="booking.myTest" name="SearchButton" time="3.820"/>
  <system-out/>
  <testcase classname="booking.myTest" name="propertiesFoundNumber" time="5.209"/>
  <system-out/>
  <testcase classname="booking.myTest" name="ScrollToElements" time="0.916"/>
  <system-out/>
  <testcase classname="booking.myTest" name="checkThePrice">
    <skipped/>
  </testcase> <!-- checkThePrice -->
  <system-out/>
</testsuite> <!-- booking.myTest -->
