<?xml version="1.0" encoding="UTF-8"?>
<!-- Generated by org.testng.reporters.JUnitReportReporter -->
<testsuite hostname="hamza" failures="0" tests="10" name="booking.myTest" time="29.393" errors="0" timestamp="2024-06-14T14:22:51 EET" skipped="0">
  <testcase classname="booking.myTest" name="checkTheNextStayIsDisplayed" time="2.106"/>
  <system-out/>
  <testcase classname="booking.myTest" name="selectAcity" time="0.344"/>
  <system-out/>
  <testcase classname="booking.myTest" name="checkInAndOutDate" time="1.048"/>
  <system-out/>
  <testcase classname="booking.myTest" name="numberOfRooms" time="0.532"/>
  <system-out/>
  <testcase classname="booking.myTest" name="searchButton" time="3.552"/>
  <system-out/>
  <testcase classname="booking.myTest" name="propertiesFoundNumber" time="5.625"/>
  <system-out/>
  <testcase classname="booking.myTest" name="scrollToElements" time="1.471"/>
  <system-out/>
  <testcase classname="booking.myTest" name="checkThePrice" time="12.187"/>
  <system-out/>
  <testcase classname="booking.myTest" name="pressReserveButton" time="0.577"/>
  <system-out/>
  <testcase classname="booking.myTest" name="clickOnTheReserButton" time="1.951"/>
  <system-out/>
</testsuite> <!-- booking.myTest -->
